11923 DEBUG [2013-05-04 21:08:38]  Request:
11924 DEBUG [2013-05-04 21:08:38]  GET:https://api.weibo.com/2/tags/tags_batch.json
11943 DEBUG [2013-05-04 21:08:38]  Authorization: OAuth2 2.00N8EaxB08LsGa4ebcc4e9ac0YYqxw
11944 DEBUG [2013-05-04 21:08:38]  API-RemoteIP: 10.10.255.62
12145 DEBUG [2013-05-04 21:08:38]  Response:
12145 DEBUG [2013-05-04 21:08:38]  https StatusCode:200
12145 DEBUG [2013-05-04 21:08:38]  Server:nginx/1.2.0
12145 DEBUG [2013-05-04 21:08:38]  Date:Sat, 04 May 2013 13:09:18 GMT
12145 DEBUG [2013-05-04 21:08:38]  Content-Type:application/json;charset=UTF-8
12146 DEBUG [2013-05-04 21:08:38]  Content-Length:5503
12147 DEBUG [2013-05-04 21:08:38]  Connection:keep-alive
12147 DEBUG [2013-05-04 21:08:38]  Api-Server-IP:10.77.108.52
12147 DEBUG [2013-05-04 21:08:38]  Vary:Accept-Encoding
12147 DEBUG [2013-05-04 21:08:38]  X-Varnish:3629320845
12151 DEBUG [2013-05-04 21:08:38]  Age:0
12151 DEBUG [2013-05-04 21:08:38]  Via:1.1 varnish
12151 DEBUG [2013-05-04 21:08:38]  SINA-LB:cWgxMzIuaGEucWgyLmJqLmxvYWRiYWxhbmNlLnNpbg==
12151 DEBUG [2013-05-04 21:08:38]  [{"id":1687445053,"tags":[{"201206090011135933":"互联网分析沙龙","weight":"1"},{"757":"用户体验","weight":"5241"},{"175362":"数据分析与挖掘","weight":"836"},{"1358":"电子商务","weight":"345013"},{"846043":"网站分析师","weight":"11"},{"445":"产品经理","weight":"6783"},{"28919":"数据分析","weight":"3904"},{"8076":"用户研究","weight":"590"},{"30008":"数据库营销","weight":"493"},{"24539":"网站分析","weight":"539"}]},{"id":1104825540,"tags":[{"7422":"IBMer","weight":"358"},{"39372":"转型","weight":"153"},{"802":"营销","weight":"343588"},{"10":"旅游","weight":"15121340"},{"500":"IBM","weight":"1677"},{"3161":"咨询","weight":"14511"},{"1358":"电子商务","weight":"345013"},{"1541":"阅读","weight":"491622"}]},{"id":1152902673,"tags":[{"847":"80后","weight":"3630352"},{"292":"互联网","weight":"364290"},{"283":"电影","weight":"4507256"},{"285":"音乐","weight":"5371748"},{"314":"摄影","weight":"1152151"},{"287":"时尚","weight":"10102262"},{"1923":"草根","weight":"3436"},{"302":"IT","weight":"310997"},{"650":"笑话","weight":"84779"},{"949":"段子","weight":"7280"},{"956":"经济","weight":"66005"},{"1347":"娱乐","weight":"15479163"},{"286":"微博","weight":"460719"},{"1667":"情感","weight":"71410"},{"4571":"女人","weight":"52182"},{"660":"八卦","weight":"379284"},{"304":"时评","weight":"62379"}]},{"id":2374132032,"tags":[{"1347":"娱乐","weight":"15479163"},{"114950":"中英双语","weight":"217"},{"1868":"责任","weight":"3744"},{"221102140003350933":"爱Love","weight":"7"},{"209651":"ellen","weight":"32"},{"17662":"show","weight":"912"},{"9119":"脱口秀","weight":"479"},{"207674":"degeneres","weight":"7"}]},{"id":2502349331,"tags":[{"1304":"哲学","weight":"66873"},{"3360":"宗教","weight":"4550"},{"374824":"美国政治","weight":"16"},{"201112050008728773":"世界热门话题","weight":"1"},{"34107":"英语教育","weight":"1264"},{"201112050008148810":"英语电视剧","weight":"1"},{"51808":"英语电影","weight":"43"},{"231103010003137584":"英语脱口秀","weight":"2"},{"221103220003614091":"英语幽默","weight":"11"}]},{"id":1686830902,"tags":[{"201009200000723045":"流量变现","weight":"15"},{"1159":"搜索","weight":"948"},{"37254":"推荐","weight":"860"},{"60002":"机器学习","weight":"1481"},{"16275":"对冲基金","weight":"662"},{"221011200001506994":"MIT媒体实验室","weight":"3"},{"10002":"数据挖掘","weight":"3340"},{"201010130001002049":"EPFL","weight":"23"},{"19605":"MIT","weight":"252"},{"787":"Google","weight":"13657"}]},{"id":1991303247,"tags":[{"201105140004682160":"小骗纸","weight":"1"},{"13000":"蛋逼","weight":"143"},{"231009040000584803":"大茶壶","weight":"5"},{"268676":"套套","weight":"42"},{"64560":"老鸨","weight":"26"},{"201106140003975676":"不再幽默","weight":"2"},{"201007310000094759":"卑鄙无耻","weight":"12"},{"22058":"温文尔雅","weight":"492"},{"12287":"忠厚老实","weight":"138"}]},{"id":1684232061,"tags":[{"765847":"文革史","weight":"10"},{"283":"电影","weight":"4507256"},{"5121":"行走","weight":"6156"},{"1541":"阅读","weight":"491622"},{"314":"摄影","weight":"1152151"},{"1501":"自由","weight":"2275759"},{"692":"天蝎座","weight":"825355"},{"624":"新闻","weight":"408980"}]},{"id":2214257545,"tags":[{"10131":"经典语录","weight":"7271"},{"25439":"排行榜","weight":"860"},{"9179":"热门","weight":"4077"},{"724":"视频","weight":"39023"},{"1714":"冷笑话","weight":"85176"},{"1330":"英语","weight":"391215"},{"285":"音乐","weight":"5371748"},{"283":"电影","weight":"4507256"},{"320":"搞笑","weight":"751889"},{"18939":"YouTube","weight":"228"}]},{"id":1862459915,"tags":[{"60002":"机器学习","weight":"1481"},{"621078":"语音搜索","weight":"9"},{"201109260007050635":"图像理解","weight":"7"},{"292":"互联网","weight":"364290"},{"8396":"人工智能","weight":"1038"}]},{"id":1904769205,"tags":[{"493":"设计","weight":"537153"},{"1858":"生活方式","weight":"1273"},{"908":"科普","weight":"1786"},{"221104280004944339":"问答社区","weight":"7"},{"3931":"社区","weight":"2021"},{"9722":"投资人","weight":"983"},{"445":"产品经理","weight":"6783"},{"2081":"法律","weight":"68813"},{"1336":"创业","weight":"500939"},{"201101290002979783":"知乎","weight":"184"}]},{"id":2154481623,"tags":[{"179709":"风云榜","weight":"1087"},{"13875":"数据","weight":"1181"},{"221106110005191684":"原创热帖","weight":"2"},{"221106110005725092":"关注分析","weight":"2"},{"221011290001457496":"粉丝分析","weight":"5"},{"221106110003927506":"人脉关系图","weight":"1"},{"9883":"影响力","weight":"309"},{"201105180003506546":"微数据","weight":"14"}]},{"id":1680241201,"tags":[{"67966":"拖延症晚期","weight":"2397"},{"303537254791838686":"恋足癖晚期","weight":"5"},{"201104240004325444":"脸盲症晚期","weight":"22"}]},{"id":1413204940,"tags":[{"7606":"中山大学","weight":"5575"},{"829":"旅行","weight":"3020313"},{"314":"摄影","weight":"1152151"}]},{"id":1167465521,"tags":[{"21552":"人文地理","weight":"667"},{"201011290001650605":"欧洲独立电影","weight":"2"},{"221101190002204505":"英国剧集","weight":"1"},{"521885":"欧美街头风","weight":"14"},{"1250":"素食主义者","weight":"1691"},{"10703":"城市规划","weight":"3357"},{"184":"设计师","weight":"70360"},{"314":"摄影","weight":"1152151"},{"13764":"jazz","weight":"4944"},{"4623":"方大同","weight":"40228"}]}]

12158 DEBUG [2013-05-04 21:08:38]  Request:
12158 DEBUG [2013-05-04 21:08:38]  GET:https://api.weibo.com/2/tags/tags_batch.json
12160 DEBUG [2013-05-04 21:08:38]  Authorization: OAuth2 2.00N8EaxB08LsGa4ebcc4e9ac0YYqxw
12160 DEBUG [2013-05-04 21:08:38]  API-RemoteIP: 10.10.255.62
12289 DEBUG [2013-05-04 21:08:38]  Response:
12289 DEBUG [2013-05-04 21:08:38]  https StatusCode:200
12289 DEBUG [2013-05-04 21:08:38]  Server:nginx/1.2.0
12289 DEBUG [2013-05-04 21:08:38]  Date:Sat, 04 May 2013 13:09:18 GMT
12289 DEBUG [2013-05-04 21:08:38]  Content-Type:application/json;charset=UTF-8
12289 DEBUG [2013-05-04 21:08:38]  Content-Length:4732
12289 DEBUG [2013-05-04 21:08:38]  Connection:keep-alive
12290 DEBUG [2013-05-04 21:08:38]  Api-Server-IP:10.77.108.52
12290 DEBUG [2013-05-04 21:08:38]  Vary:Accept-Encoding
12290 DEBUG [2013-05-04 21:08:38]  X-Varnish:4182690713
12290 DEBUG [2013-05-04 21:08:38]  Age:0
12290 DEBUG [2013-05-04 21:08:38]  Via:1.1 varnish
12290 DEBUG [2013-05-04 21:08:38]  SINA-LB:cWgxMzIuaGEucWgyLmJqLmxvYWRiYWxhbmNlLnNpbg==
12292 DEBUG [2013-05-04 21:08:38]  [{"id":1684197391,"tags":[{"925":"Android","weight":"29680"},{"9100":"Windows","weight":"612"},{"3166":"Mac","weight":"1721"},{"648":"科技","weight":"87436"},{"292":"互联网","weight":"364290"},{"1771":"软件","weight":"45634"}]},{"id":1577826897,"tags":[{"13875":"数据","weight":"1181"},{"7331":"开源","weight":"787"},{"2288":"医生","weight":"43639"},{"622":"医疗","weight":"13031"},{"6107":"架构","weight":"504"},{"1336":"创业","weight":"500939"},{"2794":"医药","weight":"4481"},{"222066":"丁香园","weight":"86"},{"651":"Twitter","weight":"1299"},{"4960":"支付宝","weight":"884"}]},{"id":1495169251,"tags":[{"2252":"3G","weight":"5626"},{"897":"移动互联网","weight":"62066"},{"1336":"创业","weight":"500939"},{"894":"搜索引擎","weight":"1862"},{"922":"游戏","weight":"694826"},{"10922":"数据控","weight":"490"}]},{"id":1917491813,"tags":[{"268121":"计算语言学","weight":"55"},{"10":"旅游","weight":"15121340"},{"544":"历史","weight":"363351"},{"323":"文化","weight":"56310"},{"3360":"宗教","weight":"4550"},{"416965":"机器翻译","weight":"77"},{"893":"自然语言处理","weight":"659"},{"774025":"中文信息处理","weight":"38"}]},{"id":2269176003,"tags":[{"366":"谷歌","weight":"894"},{"1811":"大学","weight":"282578"},{"52680":"应届毕业生","weight":"1098"},{"13273":"实习生","weight":"857"},{"2908":"校园招聘","weight":"1612"},{"787":"Google","weight":"13657"}]},{"id":1187986757,"tags":[{"1336":"创业","weight":"500939"},{"1397":"大学生","weight":"603123"},{"292":"互联网","weight":"364290"},{"529":"财经","weight":"320751"},{"1560":"文学","weight":"428695"},{"10":"旅游","weight":"15121340"},{"464":"美食","weight":"13145129"},{"283":"电影","weight":"4507256"},{"285":"音乐","weight":"5371748"}]},{"id":2281036314,"tags":[{"58447":"科技数码","weight":"1219"},{"303532574142049890":"资讯报道","weight":"1"},{"19010":"沙龙活动","weight":"111"},{"118656":"发布会","weight":"411"},{"725":"直播","weight":"524"},{"201110240007553395":"DGtle","weight":"12"},{"602035":"数字尾巴","weight":"113"}]},{"id":1182415487,"tags":[{"7568":"说真话","weight":"267"},{"248162":"说人话","weight":"67"},{"201012150002072208":"不甚爱钱","weight":"13"},{"201012150002075683":"不甚怕死","weight":"5"},{"201012150001882577":"直道行之","weight":"5"},{"231012150001881676":"不畏万人笑骂","weight":"4"},{"231012150001882557":"用笨功夫","weight":"8"},{"201012150001882547":"不用小伎俩","weight":"9"}]},{"id":1796533527,"tags":[{"1044":"闷骚","weight":"73645"},{"464":"美食","weight":"13145129"},{"28158":"IT数码","weight":"7115413"},{"288":"豆瓣","weight":"82000"},{"788":"美剧","weight":"497527"},{"1397":"大学生","weight":"603123"},{"1033":"上网","weight":"1368951"},{"1725":"90后","weight":"3957667"}]},{"id":1665335994,"tags":[{"718":"心理学","weight":"89200"},{"2583":"经济学","weight":"10303"},{"10002":"数据挖掘","weight":"3340"},{"29895":"计算机视觉","weight":"409"},{"60002":"机器学习","weight":"1481"},{"1336":"创业","weight":"500939"}]},{"id":1982596095,"tags":[{"1725":"90后","weight":"3957667"}]},{"id":1915548291,"tags":[{"1183":"工程师","weight":"5380"},{"24740":"面试","weight":"730"},{"3325":"创新","weight":"8494"},{"13572":"职业发展","weight":"606"},{"221012130002024959":"O2O","weight":"1440"},{"35208":"手机游戏","weight":"2606"},{"221101130002094930":"大数据","weight":"1091"},{"897":"移动互联网","weight":"62066"},{"3531":"风险投资","weight":"3038"}]},{"id":1646446167,"tags":[{"201207150011572128":"万有青年","weight":"10"},{"201107270006499903":"郎园vintage","weight":"4"},{"3720":"舟山","weight":"787"},{"2600":"创业者","weight":"8799"},{"201011130001390510":"果壳网","weight":"193"},{"777360":"轻度脸盲症","weight":"157"},{"1448":"公益","weight":"66754"},{"14285":"科学松鼠会","weight":"264"},{"112734":"神经生物学","weight":"37"}]},{"id":1563926367,"tags":[{"117":"我","weight":"10541"},{"5677":"是","weight":"3939"},{"14641":"一个","weight":"789"},{"36780":"没有","weight":"1670"},{"201205080008928977":"节操的","weight":"3"},{"13056":"熊猫","weight":"4648"}]},{"id":1829948001,"tags":[{"20827":"哈工大","weight":"688"},{"25239":"信息检索","weight":"384"},{"893":"自然语言处理","weight":"659"}]},{"id":1718792531,"tags":[{"2853":"数学","weight":"6781"},{"221012270001781744":"计算广告学","weight":"42"},{"106780":"统计学","weight":"541"},{"10002":"数据挖掘","weight":"3340"},{"894":"搜索引擎","weight":"1862"},{"60002":"机器学习","weight":"1481"},{"2051":"计算机","weight":"59919"},{"893":"自然语言处理","weight":"659"}]}]

12296 DEBUG [2013-05-04 21:08:38]  Request:
12296 DEBUG [2013-05-04 21:08:38]  GET:https://api.weibo.com/2/tags/tags_batch.json
12344 DEBUG [2013-05-04 21:08:38]  Authorization: OAuth2 2.00N8EaxB08LsGa4ebcc4e9ac0YYqxw
12344 DEBUG [2013-05-04 21:08:38]  API-RemoteIP: 10.10.255.62
12473 DEBUG [2013-05-04 21:08:39]  Response:
12473 DEBUG [2013-05-04 21:08:39]  https StatusCode:200
12473 DEBUG [2013-05-04 21:08:39]  Server:nginx/1.2.0
12473 DEBUG [2013-05-04 21:08:39]  Date:Sat, 04 May 2013 13:09:18 GMT
12473 DEBUG [2013-05-04 21:08:39]  Content-Type:application/json;charset=UTF-8
12473 DEBUG [2013-05-04 21:08:39]  Content-Length:4049
12474 DEBUG [2013-05-04 21:08:39]  Connection:keep-alive
12474 DEBUG [2013-05-04 21:08:39]  Api-Server-IP:10.77.108.51
12474 DEBUG [2013-05-04 21:08:39]  Vary:Accept-Encoding
12474 DEBUG [2013-05-04 21:08:39]  X-Varnish:3629321753
12475 DEBUG [2013-05-04 21:08:39]  Age:0
12475 DEBUG [2013-05-04 21:08:39]  Via:1.1 varnish
12475 DEBUG [2013-05-04 21:08:39]  SINA-LB:cWgxMzIuaGEucWgyLmJqLmxvYWRiYWxhbmNlLnNpbg==
12476 DEBUG [2013-05-04 21:08:39]  [{"id":1874340495,"tags":[{"796":"喝酒","weight":"7063"},{"781":"唱歌","weight":"1148618"},{"2730":"飙车","weight":"2553"},{"3499":"越野","weight":"3341"}]},{"id":1892680923,"tags":[{"201105260005473303":"数学趣闻","weight":"2"},{"201102070002570704":"数学文化","weight":"10"}]},{"id":10503,"tags":[{"68":"程序员","weight":"16400"},{"217":"新浪","weight":"2864"},{"6107":"架构","weight":"504"},{"126":"技术","weight":"3379"},{"302":"IT","weight":"310997"},{"292":"互联网","weight":"364290"},{"286":"微博","weight":"460719"}]},{"id":2771532215,"tags":[{"11721":"托福","weight":"3832"},{"9553":"雅思","weight":"6036"},{"16034":"英语四级","weight":"166"},{"160546":"六级","weight":"179"},{"7226":"GRE","weight":"3703"},{"30517":"GMAT","weight":"2775"},{"139735":"专四","weight":"61"},{"25498":"专八","weight":"148"},{"169703":"背单词","weight":"436"},{"1754":"英语学习","weight":"4585"}]},{"id":1788911247,"tags":[{"201104050002660367":"无节操吐槽","weight":"29"},{"192554":"时事八卦","weight":"7"},{"201009130000660603":"起哄架秧子","weight":"26"},{"231010050000897691":"无知识分子","weight":"23"},{"231101220002256170":"贫嘴段子","weight":"3"},{"201111070007765405":"三俗就是力量","weight":"31"},{"47002":"好读书不求甚解","weight":"462"},{"201008090000347135":"脱口秀迷","weight":"22"}]},{"id":1396927662,"tags":[{"96979":"硅谷","weight":"251"},{"685":"HR","weight":"29248"},{"2899":"美国","weight":"44626"},{"4386":"腾讯","weight":"1085"},{"787":"Google","weight":"13657"},{"4360":"猎头","weight":"5860"},{"1571":"招聘","weight":"10748"},{"3510":"人力资源","weight":"51615"}]},{"id":1918015782,"tags":[{"2273":"百度","weight":"2663"},{"559775":"ACL","weight":"14"},{"9684":"NLP","weight":"1417"},{"19204":"MT","weight":"279"},{"128451":"search","weight":"63"},{"416965":"机器翻译","weight":"77"},{"893":"自然语言处理","weight":"659"},{"1159":"搜索","weight":"948"},{"88137":"语音","weight":"219"},{"292":"互联网","weight":"364290"}]},{"id":1269043140,"tags":[{"101784":"数据仓库","weight":"509"},{"85191":"高级工程师","weight":"209"},{"49652":"分布式","weight":"288"},{"3413":"云计算","weight":"7664"},{"10002":"数据挖掘","weight":"3340"},{"6375":"算法","weight":"536"},{"68":"程序员","weight":"16400"},{"292":"互联网","weight":"364290"},{"2273":"百度","weight":"2663"}]},{"id":1731003787,"tags":[{"201106140005792159":"DICE","weight":"5"},{"201105060005096528":"长尾广告","weight":"1"},{"20964":"效果广告","weight":"15"},{"2853":"数学","weight":"6781"},{"201103220004178978":"随机决策树","weight":"1"},{"201103220003605250":"RDT","weight":"1"},{"221101140002706823":"概率与统计","weight":"2"},{"74489":"推荐系统","weight":"331"},{"10002":"数据挖掘","weight":"3340"},{"60002":"机器学习","weight":"1481"}]},{"id":1739928273,"tags":[{"201208020011843613":"LetMeGo","weight":"10"},{"226658":"第二梦","weight":"19"},{"847":"80后","weight":"3630352"},{"201008270000518638":"日中友好","weight":"62"},{"829":"旅行","weight":"3020313"},{"464":"美食","weight":"13145129"},{"4551":"中国文化","weight":"1041"},{"1113":"书法","weight":"66623"},{"208679":"电影演员","weight":"142"},{"1930":"歌手","weight":"43679"}]},{"id":1677746711,"tags":[{"1698":"教育","weight":"98744"},{"331":"网络","weight":"412194"},{"2051":"计算机","weight":"59919"}]},{"id":3005997320,"tags":[{"1347":"娱乐","weight":"15479165"}]},{"id":1764523734,"tags":[{"63275":"不吐槽会死星人","weight":"3809"},{"78426":"伪摄影爱好者","weight":"1102"},{"201106080003862176":"剧透爱好者","weight":"27"},{"201204050010274379":"反星座学者","weight":"9"},{"201203280009605991":"爱豆浆爱培根","weight":"6"},{"201111040007711840":"微小说毁灭者","weight":"9"},{"201106260005407411":"业余贝司手","weight":"3"},{"44253":"海贼迷","weight":"9449"},{"221103280004312579":"研究儒道佛","weight":"2"},{"92475":"昆曲爱好者","weight":"124"}]}]

12479 DEBUG [2013-05-04 21:08:39]  Request:
12479 DEBUG [2013-05-04 21:08:39]  GET:https://api.weibo.com/2/tags/tags_batch.json
12491 DEBUG [2013-05-04 21:08:39]  Authorization: OAuth2 2.00N8EaxB08LsGa4ebcc4e9ac0YYqxw
12491 DEBUG [2013-05-04 21:08:39]  API-RemoteIP: 10.10.255.62
12665 DEBUG [2013-05-04 21:08:39]  Response:
12665 DEBUG [2013-05-04 21:08:39]  https StatusCode:200
12665 DEBUG [2013-05-04 21:08:39]  Server:nginx/1.2.0
12665 DEBUG [2013-05-04 21:08:39]  Date:Sat, 04 May 2013 13:09:19 GMT
12665 DEBUG [2013-05-04 21:08:39]  Content-Type:application/json;charset=UTF-8
12665 DEBUG [2013-05-04 21:08:39]  Content-Length:4719
12666 DEBUG [2013-05-04 21:08:39]  Connection:keep-alive
12666 DEBUG [2013-05-04 21:08:39]  Api-Server-IP:10.77.108.50
12666 DEBUG [2013-05-04 21:08:39]  Vary:Accept-Encoding
12666 DEBUG [2013-05-04 21:08:39]  X-Varnish:4049625055
12666 DEBUG [2013-05-04 21:08:39]  Age:0
12667 DEBUG [2013-05-04 21:08:39]  Via:1.1 varnish
12667 DEBUG [2013-05-04 21:08:39]  SINA-LB:cWgxMzIuaGEucWgyLmJqLmxvYWRiYWxhbmNlLnNpbg==
12667 DEBUG [2013-05-04 21:08:39]  [{"id":1741045432,"tags":[{"201102280003686743":"中国云计算大会","weight":"2"},{"146733":"云安全","weight":"193"},{"35575":"CSDN","weight":"217"},{"301":"媒体","weight":"225791"},{"3413":"云计算","weight":"7664"}]},{"id":2784432245,"tags":[{"20827":"哈工大","weight":"688"},{"210990":"计算所","weight":"36"},{"114465":"研究员","weight":"212"},{"143571":"人脸识别","weight":"121"},{"29895":"计算机视觉","weight":"409"},{"3858":"模式识别","weight":"353"},{"60002":"机器学习","weight":"1481"}]},{"id":1101368794,"tags":[{"201112280009002399":"电影我愿意","weight":"5"},{"201203010009820088":"电影狼图腾","weight":"1"},{"201203010009273514":"电视剧黄金密码","weight":"1"},{"221101230002286100":"电影孔子","weight":"3"},{"804257":"影视投资人","weight":"15"},{"66803":"影视制作人","weight":"158"},{"16293":"行者无疆","weight":"612"}]},{"id":1769670415,"tags":[{"60002":"机器学习","weight":"1481"},{"449":"北京","weight":"79598"},{"32016":"邢台","weight":"386"},{"5936":"中科院","weight":"417"},{"36245":"北京科技大学","weight":"388"}]},{"id":1886022111,"tags":[{"3773":"投资理财","weight":"5603165"},{"35649":"新闻资讯","weight":"4990896"},{"28158":"IT数码","weight":"7115413"},{"1799":"文艺","weight":"8129680"}]},{"id":1049328060,"tags":[{"12408":"言论","weight":"319"},{"949":"段子","weight":"7280"},{"900930":"微语录","weight":"215"},{"2503":"原创","weight":"54247"}]},{"id":2477971432,"tags":[{"1501":"自由","weight":"2275759"},{"1029":"宅","weight":"2673068"},{"320":"搞笑","weight":"751889"},{"1347":"娱乐","weight":"15479165"},{"2639":"吐槽","weight":"6669"},{"543":"漫画","weight":"97944"},{"1725":"90后","weight":"3957667"},{"847":"80后","weight":"3630352"},{"2503":"原创","weight":"54247"},{"333170":"真人漫画","weight":"25"}]},{"id":1693909073,"tags":[{"774":"手机","weight":"423417"},{"829":"旅行","weight":"3020313"},{"648":"科技","weight":"87436"},{"1698":"教育","weight":"98744"},{"10":"旅游","weight":"15121342"},{"302":"IT","weight":"310997"},{"292":"互联网","weight":"364290"}]},{"id":1923726021,"tags":[{"167065":"好老公","weight":"222"},{"221012270001781744":"计算广告学","weight":"42"},{"13925":"ICPC","weight":"29"},{"13926":"ACM","weight":"528"},{"231101200002812823":"Transfer","weight":"5"},{"89392":"Learning","weight":"156"},{"60002":"机器学习","weight":"1481"}]},{"id":1188078483,"tags":[{"108925":"社区网站","weight":"128"},{"8005":"手机软件","weight":"1161"},{"573278":"云计算技术","weight":"79"},{"897":"移动互联网","weight":"62066"}]},{"id":2627323163,"tags":[{"797522":"水彩控","weight":"246"},{"4230":"手绘","weight":"8549"},{"442":"插画","weight":"52861"},{"289":"动漫","weight":"1180023"}]},{"id":1949687323,"tags":[{"201008040000129941":"服务计算","weight":"16"},{"221101130002094930":"大数据","weight":"1091"},{"3413":"云计算","weight":"7664"},{"201111030008283183":"超链接视频","weight":"1"},{"328351":"企业上市","weight":"150"},{"292":"互联网","weight":"364290"},{"314":"摄影","weight":"1152151"},{"149470":"中国管理模式","weight":"51"},{"829":"旅行","weight":"3020313"}]},{"id":2182314143,"tags":[{"1754":"英语学习","weight":"4585"},{"231009300000824230":"美国新闻","weight":"17"},{"317977":"Brian","weight":"53"},{"39774":"Williams","weight":"29"},{"616674":"晚间新闻","weight":"15"},{"523976":"夜间新闻","weight":"2"},{"25279":"news","weight":"309"},{"201104250003078597":"nightly","weight":"1"},{"323065":"NBC","weight":"40"}]},{"id":1942473263,"tags":[{"11594":"内涵","weight":"3188"},{"221011200001516262":"最粉丝","weight":"14"},{"201107150006276572":"新至尊超薄","weight":"2"},{"201107150006297419":"亲密0距离","weight":"7"},{"69089":"创意无限","weight":"291"},{"201103100003935558":"安全放心","weight":"29"},{"156333":"世界第一","weight":"31"},{"221011220001535710":"大胆爱","weight":"23"},{"231010300000987767":"尽情尽性","weight":"9"}]},{"id":1494759712,"tags":[{"282":"IT互联网","weight":"59429"},{"331":"网络","weight":"412194"},{"1358":"电子商务","weight":"345013"},{"2825":"网络营销","weight":"65095"},{"3264":"SEO","weight":"16401"},{"366":"谷歌","weight":"894"},{"787":"Google","weight":"13657"},{"302":"IT","weight":"310997"},{"859":"博客","weight":"126714"},{"292":"互联网","weight":"364290"}]},{"id":1691761292,"tags":[{"7685":"导演","weight":"6348"},{"201202260007972307":"易小星","weight":"1"},{"315":"新媒体","weight":"7062"},{"847":"80后","weight":"3630352"},{"54550":"叫兽","weight":"348"},{"13941":"kuso","weight":"183"},{"292":"互联网","weight":"364290"}]}]

12670 DEBUG [2013-05-04 21:08:39]  Request:
12670 DEBUG [2013-05-04 21:08:39]  GET:https://api.weibo.com/2/tags/tags_batch.json
12694 DEBUG [2013-05-04 21:08:39]  Authorization: OAuth2 2.00N8EaxB08LsGa4ebcc4e9ac0YYqxw
12695 DEBUG [2013-05-04 21:08:39]  API-RemoteIP: 10.10.255.62
12881 DEBUG [2013-05-04 21:08:39]  Response:
12881 DEBUG [2013-05-04 21:08:39]  https StatusCode:200
12881 DEBUG [2013-05-04 21:08:39]  Server:nginx/1.2.0
12882 DEBUG [2013-05-04 21:08:39]  Date:Sat, 04 May 2013 13:09:19 GMT
12882 DEBUG [2013-05-04 21:08:39]  Content-Type:application/json;charset=UTF-8
12882 DEBUG [2013-05-04 21:08:39]  Content-Length:4905
12882 DEBUG [2013-05-04 21:08:39]  Connection:keep-alive
12882 DEBUG [2013-05-04 21:08:39]  Api-Server-IP:10.77.108.43
12882 DEBUG [2013-05-04 21:08:39]  Vary:Accept-Encoding
12882 DEBUG [2013-05-04 21:08:39]  X-Varnish:3313730452
12882 DEBUG [2013-05-04 21:08:39]  Age:0
12883 DEBUG [2013-05-04 21:08:39]  Via:1.1 varnish
12883 DEBUG [2013-05-04 21:08:39]  SINA-LB:cWgxMzIuaGEucWgyLmJqLmxvYWRiYWxhbmNlLnNpbg==
12883 DEBUG [2013-05-04 21:08:39]  [{"id":2256865807,"tags":[{"201206280010792505":"猛主播","weight":"1"},{"201202160009619702":"霸王娱鸡","weight":"2"},{"201010290001173545":"爱奇艺","weight":"129"},{"52064":"言辞犀利","weight":"23"}]},{"id":1197161814,"tags":[{"3531":"风险投资","weight":"3038"},{"20302":"微博控","weight":"99785"},{"11265":"创新工场","weight":"512"},{"1698":"教育","weight":"98744"},{"648":"科技","weight":"87436"},{"1358":"电子商务","weight":"345013"},{"897":"移动互联网","weight":"62066"},{"1336":"创业","weight":"500939"},{"282":"IT互联网","weight":"59429"},{"81424":"世界因你不同","weight":"329"}]},{"id":3179198724,"tags":[{"28158":"IT数码","weight":"7115413"}]},{"id":1639483893,"tags":[{"4906":"街拍","weight":"66280"},{"1526":"电视","weight":"47064"},{"1940":"经典","weight":"7585"},{"287":"时尚","weight":"10102263"},{"4065":"潮流","weight":"86992"},{"1330":"英语","weight":"391215"},{"464":"美食","weight":"13145129"},{"788":"美剧","weight":"497527"},{"285":"音乐","weight":"5371748"},{"283":"电影","weight":"4507256"}]},{"id":1821459487,"tags":[{"803371":"么么哒","weight":"250"},{"201103020003136901":"金二胖","weight":"2"},{"201107050004304956":"抽屉新热榜","weight":"2"},{"76232":"你妹","weight":"416"},{"65650":"红十字会","weight":"355"},{"660":"八卦","weight":"379284"},{"9064":"爱读书","weight":"4509"},{"949":"段子","weight":"7280"},{"5454":"重口味","weight":"49127"},{"201009260000783736":"每日傻B新闻","weight":"1"}]},{"id":2672071741,"tags":[{"201102060002567734":"优推","weight":"11"},{"201101110002636628":"个性化阅读","weight":"31"},{"231151":"个性化推荐","weight":"155"},{"1347":"娱乐","weight":"15479165"},{"648":"科技","weight":"87436"},{"1385":"母婴","weight":"6943"},{"10":"旅游","weight":"15121342"},{"314":"摄影","weight":"1152151"},{"1405":"汽车","weight":"5543374"},{"464":"美食","weight":"13145129"}]},{"id":1882579600,"tags":[{"1331":"育儿","weight":"67162"},{"7919":"Blogger","weight":"305"},{"221012090001904058":"暗时间","weight":"8"},{"73279":"神经科学","weight":"124"},{"718":"心理学","weight":"89200"},{"5055":"微软","weight":"1080"},{"68":"程序员","weight":"16400"}]},{"id":1701886454,"tags":[{"770816":"Go语言","weight":"6"},{"201202280009237640":"精益创业","weight":"21"},{"201207200011648898":"七牛云存储","weight":"2"},{"785":"iPhone","weight":"17080"},{"925":"Android","weight":"29680"},{"221010180001055459":"ECUG","weight":"1"},{"6107":"架构","weight":"504"},{"50488":"云存储","weight":"480"},{"1336":"创业","weight":"500939"}]},{"id":1924010407,"tags":[{"9041":"网页游戏","weight":"2449"},{"24008":"网游开发","weight":"61"},{"451":"linux","weight":"3014"},{"24009":"游戏开发","weight":"1892"},{"36081":"flex","weight":"181"},{"390":"python","weight":"1113"},{"976029":"cplusplus","weight":"33"},{"103315":"cpp","weight":"129"},{"221101180002767583":"actinscript","weight":"1"}]},{"id":2656174421,"tags":[{"2192":"看电影","weight":"165251"},{"139324":"电影推荐","weight":"209"},{"201112220008929272":"电影搜索","weight":"9"},{"283":"电影","weight":"4507256"}]},{"id":1348348064,"tags":[{"231012110001978088":"郎咸平论坛","weight":"1"},{"221012110001788957":"郎咸平视频","weight":"8"},{"201012110001977998":"郎咸平演讲","weight":"8"},{"221012090001905449":"财经郎咸平","weight":"1"},{"201012110001786286":"郎咸平中文网","weight":"4"},{"448376":"郎咸平说","weight":"23"},{"325039":"财经郎眼","weight":"154"},{"21178":"郎咸平","weight":"573"}]},{"id":1862961041,"tags":[{"5571":"科学家","weight":"683"},{"446744":"科技评论","weight":"43"},{"201111240008565809":"科技观察","weight":"1"},{"16504":"观点","weight":"414"},{"13624":"名博","weight":"55"},{"201011130001390510":"果壳网","weight":"193"}]},{"id":1684388950,"tags":[{"201106050005637339":"极视智库专家","weight":"18"},{"11136":"经济学家","weight":"2231"}]},{"id":2022255405,"tags":[{"35899":"信息系统","weight":"176"},{"28919":"数据分析","weight":"3904"},{"8291":"社会化媒体","weight":"2423"},{"10714":"同济大学","weight":"1782"},{"106780":"统计学","weight":"541"},{"77156":"土地管理","weight":"42"},{"192911":"神经网络","weight":"60"},{"8396":"人工智能","weight":"1038"},{"14706":"Matlab","weight":"110"},{"2125":"房地产","weight":"75277"}]},{"id":1082347151,"tags":[{"2081":"法律","weight":"68813"}]},{"id":1649367031,"tags":[{"17960":"漫画作者","weight":"297"}]},{"id":1759228037,"tags":[{"685":"HR","weight":"29248"},{"847":"80后","weight":"3630352"},{"27116":"爱摄影","weight":"11714"},{"288":"豆瓣","weight":"82000"},{"1541":"阅读","weight":"491622"},{"2756":"西班牙语","weight":"4571"},{"2729":"播音主持","weight":"6415"},{"283":"电影","weight":"4507256"},{"1015":"摩羯座","weight":"535026"}]}]

12886 DEBUG [2013-05-04 21:08:39]  Request:
12886 DEBUG [2013-05-04 21:08:39]  GET:https://api.weibo.com/2/tags/tags_batch.json
12888 DEBUG [2013-05-04 21:08:39]  Authorization: OAuth2 2.00N8EaxB08LsGa4ebcc4e9ac0YYqxw
12888 DEBUG [2013-05-04 21:08:39]  API-RemoteIP: 10.10.255.62
13004 DEBUG [2013-05-04 21:08:39]  Response:
13004 DEBUG [2013-05-04 21:08:39]  https StatusCode:200
13004 DEBUG [2013-05-04 21:08:39]  Server:nginx/1.2.0
13004 DEBUG [2013-05-04 21:08:39]  Date:Sat, 04 May 2013 13:09:19 GMT
13004 DEBUG [2013-05-04 21:08:39]  Content-Type:application/json;charset=UTF-8
13005 DEBUG [2013-05-04 21:08:39]  Content-Length:2302
13005 DEBUG [2013-05-04 21:08:39]  Connection:keep-alive
13005 DEBUG [2013-05-04 21:08:39]  Api-Server-IP:10.77.108.54
13005 DEBUG [2013-05-04 21:08:39]  Vary:Accept-Encoding
13005 DEBUG [2013-05-04 21:08:39]  X-Varnish:4049626082
13005 DEBUG [2013-05-04 21:08:39]  Age:0
13005 DEBUG [2013-05-04 21:08:39]  Via:1.1 varnish
13005 DEBUG [2013-05-04 21:08:39]  SINA-LB:cWgxMzIuaGEucWgyLmJqLmxvYWRiYWxhbmNlLnNpbg==
13005 DEBUG [2013-05-04 21:08:39]  [{"id":3009326511,"tags":[{"35649":"新闻资讯","weight":"4990896"},{"1799":"文艺","weight":"8129680"}]},{"id":1245732825,"tags":[{"1395":"写作","weight":"271436"}]},{"id":2104931705,"tags":[{"9684":"NLP","weight":"1417"},{"221012270001781744":"计算广告学","weight":"42"},{"416965":"机器翻译","weight":"77"},{"540":"足球","weight":"531354"},{"2853":"数学","weight":"6781"},{"60002":"机器学习","weight":"1481"},{"893":"自然语言处理","weight":"659"}]},{"id":1765700930,"tags":[{"548794":"雅思报名","weight":"8"},{"201009260000781441":"雅思机经","weight":"32"},{"201107080006177193":"雅思真题","weight":"4"},{"14470":"雅思口语","weight":"207"},{"23146":"IELTS","weight":"2557"},{"34154":"雅思考试","weight":"215"},{"71673":"澳大利亚留学","weight":"368"},{"49302":"英国留学","weight":"3844"}]},{"id":1435921327,"tags":[{"3262":"厦门","weight":"42569"},{"385351":"曾厝垵","weight":"195"},{"201103050003229314":"晴天见","weight":"4"},{"196050":"甜筒","weight":"213"},{"780485":"苦艾酒","weight":"50"}]},{"id":1784501333,"tags":[{"292":"互联网","weight":"364290"},{"1358":"电子商务","weight":"345013"},{"30008":"数据库营销","weight":"493"},{"897":"移动互联网","weight":"62066"},{"28919":"数据分析","weight":"3904"},{"27020":"商业智能","weight":"672"},{"10549":"SQL","weight":"378"},{"201008120000376491":"运营分析","weight":"59"},{"201007270000058124":"clementine","weight":"12"},{"10002":"数据挖掘","weight":"3340"}]},{"id":1580904460,"tags":[{"303564486533514253":"Csdn400w博主","weight":"1"},{"28158":"IT数码","weight":"7115413"},{"201104010002560846":"结构之法","weight":"1"},{"221104020004416743":"算法之道","weight":"1"},{"39845":"July","weight":"55"},{"303502152960193852":"ML读书会发起人","weight":"1"},{"60002":"机器学习","weight":"1481"},{"10002":"数据挖掘","weight":"3340"},{"283688":"统计分析","weight":"208"},{"2853":"数学","weight":"6781"}]},{"id":1614282004,"tags":[{"2028":"软件开发","weight":"5812"},{"254943":"中国银联","weight":"38"},{"2170":"上海","weight":"68632"},{"4471":"台湾","weight":"5669"},{"29211":"讲师","weight":"1267"},{"2328":"作家","weight":"5447"},{"11265":"创新工场","weight":"512"},{"302":"IT","weight":"310997"}]}]

